[2026-04-14T13:46:32.684Z] GET /api/partners error: 
Invalid `prisma.partner.findMany()` invocation:


The column `Partner.externalLink` does not exist in the current database.
PrismaClientKnownRequestError: 
Invalid `prisma.partner.findMany()` invocation:


The column `Partner.externalLink` does not exist in the current database.
    at $n.handleRequestError (/Users/apple/Desktop/Project/SofyrusReactProjects/ProFranchiseWebsite/node_modules/@prisma/client/runtime/library.js:121:7315)
    at $n.handleAndLogRequestError (/Users/apple/Desktop/Project/SofyrusReactProjects/ProFranchiseWebsite/node_modules/@prisma/client/runtime/library.js:121:6623)
    at $n.request (/Users/apple/Desktop/Project/SofyrusReactProjects/ProFranchiseWebsite/node_modules/@prisma/client/runtime/library.js:121:6307)
    at async l (/Users/apple/Desktop/Project/SofyrusReactProjects/ProFranchiseWebsite/node_modules/@prisma/client/runtime/library.js:130:9633)
    at async GET (webpack-internal:///(rsc)/./src/app/api/partners/route.ts:14:26)
    at async AppRouteRouteModule.do (/Users/apple/Desktop/Project/SofyrusReactProjects/ProFranchiseWebsite/node_modules/next/dist/compiled/next-server/app-route.runtime.dev.js:5:40115)
    at async AppRouteRouteModule.handle (/Users/apple/Desktop/Project/SofyrusReactProjects/ProFranchiseWebsite/node_modules/next/dist/compiled/next-server/app-route.runtime.dev.js:5:47321)
    at async responseGenerator (webpack-internal:///(rsc)/./node_modules/next/dist/build/webpack/loaders/next-app-loader/index.js?name=app%2Fapi%2Fpartners%2Froute&page=%2Fapi%2Fpartners%2Froute&appPaths=&allNormalizedAppPaths=&pagePath=private-next-app-dir%2Fapi%2Fpartners%2Froute.ts&appDir=%2FUsers%2Fapple%2FDesktop%2FProject%2FSofyrusReactProjects%2FProFranchiseWebsite%2Fsrc%2Fapp&pageExtensions=tsx&pageExtensions=ts&pageExtensions=jsx&pageExtensions=js&rootDir=%2FUsers%2Fapple%2FDesktop%2FProject%2FSofyrusReactProjects%2FProFranchiseWebsite&isDev=true&tsconfigPath=&basePath=&assetPrefix=&nextConfigOutput=&preferredRegion=&middlewareConfig=e30%3D&isGlobalNotFoundEnabled=!:250:38)
    at async AppRouteRouteModule.handleResponse (/Users/apple/Desktop/Project/SofyrusReactProjects/ProFranchiseWebsite/node_modules/next/dist/compiled/next-server/app-route.runtime.dev.js:1:227141)
    at async handleResponse (webpack-internal:///(rsc)/./node_modules/next/dist/build/webpack/loaders/next-app-loader/index.js?name=app%2Fapi%2Fpartners%2Froute&page=%2Fapi%2Fpartners%2Froute&appPaths=&allNormalizedAppPaths=&pagePath=private-next-app-dir%2Fapi%2Fpartners%2Froute.ts&appDir=%2FUsers%2Fapple%2FDesktop%2FProject%2FSofyrusReactProjects%2FProFranchiseWebsite%2Fsrc%2Fapp&pageExtensions=tsx&pageExtensions=ts&pageExtensions=jsx&pageExtensions=js&rootDir=%2FUsers%2Fapple%2FDesktop%2FProject%2FSofyrusReactProjects%2FProFranchiseWebsite&isDev=true&tsconfigPath=&basePath=&assetPrefix=&nextConfigOutput=&preferredRegion=&middlewareConfig=e30%3D&isGlobalNotFoundEnabled=!:313:32)
    at async Module.handler (webpack-internal:///(rsc)/./node_modules/next/dist/build/webpack/loaders/next-app-loader/index.js?name=app%2Fapi%2Fpartners%2Froute&page=%2Fapi%2Fpartners%2Froute&appPaths=&allNormalizedAppPaths=&pagePath=private-next-app-dir%2Fapi%2Fpartners%2Froute.ts&appDir=%2FUsers%2Fapple%2FDesktop%2FProject%2FSofyrusReactProjects%2FProFranchiseWebsite%2Fsrc%2Fapp&pageExtensions=tsx&pageExtensions=ts&pageExtensions=jsx&pageExtensions=js&rootDir=%2FUsers%2Fapple%2FDesktop%2FProject%2FSofyrusReactProjects%2FProFranchiseWebsite&isDev=true&tsconfigPath=&basePath=&assetPrefix=&nextConfigOutput=&preferredRegion=&middlewareConfig=e30%3D&isGlobalNotFoundEnabled=!:368:13)
    at async DevServer.renderToResponseWithComponentsImpl (/Users/apple/Desktop/Project/SofyrusReactProjects/ProFranchiseWebsite/node_modules/next/dist/server/base-server.js:1454:9)
    at async DevServer.renderPageComponent (/Users/apple/Desktop/Project/SofyrusReactProjects/ProFranchiseWebsite/node_modules/next/dist/server/base-server.js:1506:24)
    at async DevServer.renderToResponseImpl (/Users/apple/Desktop/Project/SofyrusReactProjects/ProFranchiseWebsite/node_modules/next/dist/server/base-server.js:1556:32)
    at async DevServer.pipeImpl (/Users/apple/Desktop/Project/SofyrusReactProjects/ProFranchiseWebsite/node_modules/next/dist/server/base-server.js:1043:25)
    at async NextNodeServer.handleCatchallRenderRequest (/Users/apple/Desktop/Project/SofyrusReactProjects/ProFranchiseWebsite/node_modules/next/dist/server/next-server.js:338:17)
    at async DevServer.handleRequestImpl (/Users/apple/Desktop/Project/SofyrusReactProjects/ProFranchiseWebsite/node_modules/next/dist/server/base-server.js:934:17)
    at async /Users/apple/Desktop/Project/SofyrusReactProjects/ProFranchiseWebsite/node_modules/next/dist/server/dev/next-dev-server.js:394:20
    at async Span.traceAsyncFn (/Users/apple/Desktop/Project/SofyrusReactProjects/ProFranchiseWebsite/node_modules/next/dist/trace/trace.js:164:20)
    at async DevServer.handleRequest (/Users/apple/Desktop/Project/SofyrusReactProjects/ProFranchiseWebsite/node_modules/next/dist/server/dev/next-dev-server.js:390:24)
    at async invokeRender (/Users/apple/Desktop/Project/SofyrusReactProjects/ProFranchiseWebsite/node_modules/next/dist/server/lib/router-server.js:266:21)
    at async handleRequest (/Users/apple/Desktop/Project/SofyrusReactProjects/ProFranchiseWebsite/node_modules/next/dist/server/lib/router-server.js:465:24)
    at async requestHandlerImpl (/Users/apple/Desktop/Project/SofyrusReactProjects/ProFranchiseWebsite/node_modules/next/dist/server/lib/router-server.js:514:13)
    at async Server.requestListener (/Users/apple/Desktop/Project/SofyrusReactProjects/ProFranchiseWebsite/node_modules/next/dist/server/lib/start-server.js:225:13)
